<?xml version="1.0" encoding="UTF-8"?>
<beans xmlns="http://www.springframework.org/schema/beans"
	xmlns:xsi="http://www.w3.org/2001/XMLSchema-instance"
	xmlns:util="http://www.springframework.org/schema/util"
	xmlns:mvc="http://www.springframework.org/schema/mvc"
	xmlns:jdbc="http://www.springframework.org/schema/jdbc"
	xmlns:context="http://www.springframework.org/schema/context"
	xsi:schemaLocation="http://www.springframework.org/schema/jdbc http://www.springframework.org/schema/jdbc/spring-jdbc-4.2.xsd
		http://www.springframework.org/schema/mvc http://www.springframework.org/schema/mvc/spring-mvc-4.2.xsd
		http://www.springframework.org/schema/beans https://www.springframework.org/schema/beans/spring-beans.xsd
		http://www.springframework.org/schema/context http://www.springframework.org/schema/context/spring-context-4.2.xsd
		http://www.springframework.org/schema/util http://www.springframework.org/schema/util/spring-util-4.2.xsd">

	<!-- Root Context: defines shared resources visible to all other web components -->
	<context:component-scan base-package="com.cadio">
		<context:exclude-filter type="annotation" expression="org.springframework.stereotype.Controller" />
	</context:component-scan>
	
	<util:properties id="jdbc" location="classpath:/properties/jdbc.properties"/>
	
	<bean id="dataSource" class="#{jdbc.dataSourceClass}"> 
		<property name="driverClassName" value="#{jdbc.driverClassName}" />
		<property name="url" value="#{jdbc.url}" />
		<property name="username" value="#{jdbc.username}" />
		<property name="password" value="#{jdbc.password}" />
	</bean> 
	
	<bean id="sqlSessionFactory" class="#{jdbc.sqlSessionFactoryClass}">
		<property name="dataSource" ref="dataSource"/>
		<property name="configLocation" value="#{jdbc.configLocation}"/>
		<property name="mapperLocations" value="#{jdbc.mapperLocations}"/>
	</bean>
	
	<bean id="sqlSession" class="#{jdbc.sqlSessionClass}" destroy-method="clearCache">
		<constructor-arg ref="sqlSessionFactory"/>
	</bean>
	
</beans>
